{"/Users/rkichenama/env/code/personal/components/src/ProgressBar/ProgressBar.jsx": {"path":"/Users/rkichenama/env/code/personal/components/src/ProgressBar/ProgressBar.jsx","statementMap":{"0":{"start":{"line":19,"column":53},"end":{"line":19,"column":57}},"1":{"start":{"line":20,"column":4},"end":{"line":27,"column":6}}},"fnMap":{"0":{"name":"(anonymous_0)","decl":{"start":{"line":18,"column":2},"end":{"line":18,"column":3}},"loc":{"start":{"line":18,"column":12},"end":{"line":28,"column":3}},"line":18}},"branchMap":{},"s":{"0":3,"1":3},"f":{"0":3},"b":{},"_coverageSchema":"332fd63041d2c1bcb487cc26dd0d5f7d97098a6c","hash":"1792718ea63991527e2e7f932f0a9b7d637c797c"}
}
