{"/Users/rkichenama/env/code/personal/components/src/Canvas/Canvas.jsx": {"path":"/Users/rkichenama/env/code/personal/components/src/Canvas/Canvas.jsx","statementMap":{"0":{"start":{"line":1,"column":13},"end":{"line":1,"column":75}},"1":{"start":{"line":1,"column":75},"end":{"line":1,"column":191}},"2":{"start":{"line":1,"column":207},"end":{"line":1,"column":247}},"3":{"start":{"line":1,"column":264},"end":{"line":1,"column":297}},"4":{"start":{"line":1,"column":324},"end":{"line":1,"column":374}},"5":{"start":{"line":1,"column":401},"end":{"line":1,"column":444}},"6":{"start":{"line":1,"column":461},"end":{"line":1,"column":501}},"7":{"start":{"line":1,"column":518},"end":{"line":1,"column":551}},"8":{"start":{"line":1,"column":574},"end":{"line":1,"column":630}},"9":{"start":{"line":1,"column":654},"end":{"line":1,"column":693}},"10":{"start":{"line":1,"column":717},"end":{"line":1,"column":764}},"11":{"start":{"line":1,"column":788},"end":{"line":1,"column":828}},"12":{"start":{"line":1,"column":849},"end":{"line":1,"column":893}},"13":{"start":{"line":1,"column":914},"end":{"line":1,"column":951}},"14":{"start":{"line":1,"column":986},"end":{"line":1,"column":1044}},"15":{"start":{"line":1,"column":1079},"end":{"line":1,"column":1130}},"16":{"start":{"line":1,"column":1148},"end":{"line":1,"column":1189}},"17":{"start":{"line":1,"column":1207},"end":{"line":1,"column":1241}},"18":{"start":{"line":1,"column":1257},"end":{"line":1,"column":1277}},"19":{"start":{"line":1,"column":1278},"end":{"line":108,"column":15}},"20":{"start":{"line":1,"column":1359},"end":{"line":108,"column":10}},"21":{"start":{"line":108,"column":15},"end":{"line":108,"column":133}},"22":{"start":{"line":108,"column":101},"end":{"line":108,"column":128}},"23":{"start":{"line":108,"column":133},"end":{"line":108,"column":255}},"24":{"start":{"line":108,"column":221},"end":{"line":108,"column":250}},"25":{"start":{"line":108,"column":255},"end":{"line":108,"column":361}},"26":{"start":{"line":108,"column":335},"end":{"line":108,"column":356}},"27":{"start":{"line":108,"column":361},"end":{"line":108,"column":465}},"28":{"start":{"line":108,"column":440},"end":{"line":108,"column":460}},"29":{"start":{"line":108,"column":465},"end":{"line":108,"column":575}},"30":{"start":{"line":108,"column":547},"end":{"line":108,"column":570}},"31":{"start":{"line":108,"column":592},"end":{"line":108,"column":622}},"32":{"start":{"line":108,"column":636},"end":{"line":108,"column":652}},"33":{"start":{"line":108,"column":667},"end":{"line":108,"column":697}},"34":{"start":{"line":108,"column":715},"end":{"line":108,"column":736}},"35":{"start":{"line":108,"column":755},"end":{"line":108,"column":789}},"36":{"start":{"line":108,"column":807},"end":{"line":108,"column":827}},"37":{"start":{"line":108,"column":843},"end":{"line":108,"column":863}},"38":{"start":{"line":108,"column":880},"end":{"line":108,"column":912}},"39":{"start":{"line":108,"column":913},"end":{"line":108,"column":938}},"40":{"start":{"line":108,"column":976},"end":{"line":108,"column":1030}},"41":{"start":{"line":111,"column":1055},"end":{"line":119,"column":449}},"42":{"start":{"line":111,"column":1078},"end":{"line":111,"column":1122}},"43":{"start":{"line":111,"column":1150},"end":{"line":111,"column":1194}},"44":{"start":{"line":111,"column":1194},"end":{"line":111,"column":1310}},"45":{"start":{"line":111,"column":1280},"end":{"line":111,"column":1309}},"46":{"start":{"line":111,"column":1322},"end":{"line":111,"column":1474}},"47":{"start":{"line":111,"column":1475},"end":{"line":111,"column":1521}},"48":{"start":{"line":111,"column":1521},"end":{"line":111,"column":1602}},"49":{"start":{"line":111,"column":1558},"end":{"line":111,"column":1600}},"50":{"start":{"line":111,"column":1602},"end":{"line":111,"column":1742}},"51":{"start":{"line":111,"column":1637},"end":{"line":111,"column":1740}},"52":{"start":{"line":111,"column":1665},"end":{"line":111,"column":1709}},"53":{"start":{"line":111,"column":1709},"end":{"line":111,"column":1739}},"54":{"start":{"line":111,"column":1742},"end":{"line":111,"column":1755}},"55":{"start":{"line":111,"column":1756},"end":{"line":119,"column":416}},"56":{"start":{"line":111,"column":1890},"end":{"line":111,"column":1901}},"57":{"start":{"line":111,"column":1913},"end":{"line":111,"column":1927}},"58":{"start":{"line":111,"column":1928},"end":{"line":111,"column":2019}},"59":{"start":{"line":111,"column":1997},"end":{"line":111,"column":2018}},"60":{"start":{"line":111,"column":2091},"end":{"line":111,"column":2156}},"61":{"start":{"line":111,"column":2140},"end":{"line":111,"column":2155}},"62":{"start":{"line":111,"column":2232},"end":{"line":111,"column":2299}},"63":{"start":{"line":116,"column":2367},"end":{"line":116,"column":2371}},"64":{"start":{"line":116,"column":2385},"end":{"line":116,"column":2395}},"65":{"start":{"line":116,"column":2404},"end":{"line":116,"column":2416}},"66":{"start":{"line":116,"column":2423},"end":{"line":116,"column":2438}},"67":{"start":{"line":116,"column":2450},"end":{"line":116,"column":2544}},"68":{"start":{"line":116,"column":2560},"end":{"line":116,"column":2608}},"69":{"start":{"line":116,"column":2622},"end":{"line":119,"column":136}},"70":{"start":{"line":117,"column":8},"end":{"line":117,"column":62}},"71":{"start":{"line":117,"column":40},"end":{"line":117,"column":59}},"72":{"start":{"line":118,"column":8},"end":{"line":119,"column":135}},"73":{"start":{"line":118,"column":46},"end":{"line":118,"column":54}},"74":{"start":{"line":118,"column":68},"end":{"line":118,"column":101}},"75":{"start":{"line":118,"column":109},"end":{"line":118,"column":122}},"76":{"start":{"line":118,"column":130},"end":{"line":118,"column":149}},"77":{"start":{"line":118,"column":150},"end":{"line":118,"column":161}},"78":{"start":{"line":119,"column":10},"end":{"line":119,"column":79}},"79":{"start":{"line":119,"column":79},"end":{"line":119,"column":134}},"80":{"start":{"line":119,"column":137},"end":{"line":119,"column":190}},"81":{"start":{"line":119,"column":254},"end":{"line":119,"column":274}},"82":{"start":{"line":119,"column":275},"end":{"line":119,"column":410}},"83":{"start":{"line":119,"column":416},"end":{"line":119,"column":430}},"84":{"start":{"line":120,"column":0},"end":{"line":120,"column":188}},"85":{"start":{"line":120,"column":188},"end":{"line":120,"column":253}},"86":{"start":{"line":120,"column":253},"end":{"line":120,"column":278}}},"fnMap":{"0":{"name":"get","decl":{"start":{"line":1,"column":1352},"end":{"line":1,"column":1355}},"loc":{"start":{"line":1,"column":1358},"end":{"line":108,"column":11}},"line":1},"1":{"name":"get","decl":{"start":{"line":108,"column":94},"end":{"line":108,"column":97}},"loc":{"start":{"line":108,"column":100},"end":{"line":108,"column":129}},"line":108},"2":{"name":"get","decl":{"start":{"line":108,"column":214},"end":{"line":108,"column":217}},"loc":{"start":{"line":108,"column":220},"end":{"line":108,"column":251}},"line":108},"3":{"name":"get","decl":{"start":{"line":108,"column":328},"end":{"line":108,"column":331}},"loc":{"start":{"line":108,"column":334},"end":{"line":108,"column":357}},"line":108},"4":{"name":"get","decl":{"start":{"line":108,"column":433},"end":{"line":108,"column":436}},"loc":{"start":{"line":108,"column":439},"end":{"line":108,"column":461}},"line":108},"5":{"name":"get","decl":{"start":{"line":108,"column":540},"end":{"line":108,"column":543}},"loc":{"start":{"line":108,"column":546},"end":{"line":108,"column":571}},"line":108},"6":{"name":"_interopRequireDefault","decl":{"start":{"line":108,"column":947},"end":{"line":108,"column":969}},"loc":{"start":{"line":108,"column":975},"end":{"line":108,"column":1031}},"line":108},"7":{"name":"(anonymous_7)","decl":{"start":{"line":111,"column":1055},"end":{"line":111,"column":1056}},"loc":{"start":{"line":111,"column":1077},"end":{"line":119,"column":431}},"line":111},"8":{"name":"Canvas","decl":{"start":{"line":111,"column":1131},"end":{"line":111,"column":1137}},"loc":{"start":{"line":111,"column":1140},"end":{"line":111,"column":1756}},"line":111},"9":{"name":"(anonymous_9)","decl":{"start":{"line":111,"column":1539},"end":{"line":111,"column":1540}},"loc":{"start":{"line":111,"column":1557},"end":{"line":111,"column":1601}},"line":111},"10":{"name":"(anonymous_10)","decl":{"start":{"line":111,"column":1624},"end":{"line":111,"column":1625}},"loc":{"start":{"line":111,"column":1636},"end":{"line":111,"column":1741}},"line":111},"11":{"name":"componentWillReceiveProps","decl":{"start":{"line":111,"column":1844},"end":{"line":111,"column":1869}},"loc":{"start":{"line":111,"column":1877},"end":{"line":111,"column":2020}},"line":111},"12":{"name":"componentDidUpdate","decl":{"start":{"line":111,"column":2069},"end":{"line":111,"column":2087}},"loc":{"start":{"line":111,"column":2090},"end":{"line":111,"column":2157}},"line":111},"13":{"name":"componentWillUnmount","decl":{"start":{"line":111,"column":2208},"end":{"line":111,"column":2228}},"loc":{"start":{"line":111,"column":2231},"end":{"line":111,"column":2300}},"line":111},"14":{"name":"animate","decl":{"start":{"line":116,"column":2342},"end":{"line":116,"column":2349}},"loc":{"start":{"line":116,"column":2353},"end":{"line":119,"column":191}},"line":116},"15":{"name":"doAnim","decl":{"start":{"line":116,"column":2631},"end":{"line":116,"column":2637}},"loc":{"start":{"line":116,"column":2640},"end":{"line":119,"column":136}},"line":116},"16":{"name":"(anonymous_16)","decl":{"start":{"line":117,"column":22},"end":{"line":117,"column":23}},"loc":{"start":{"line":117,"column":39},"end":{"line":117,"column":60}},"line":117},"17":{"name":"render","decl":{"start":{"line":119,"column":228},"end":{"line":119,"column":234}},"loc":{"start":{"line":119,"column":237},"end":{"line":119,"column":411}},"line":119}},"branchMap":{"0":{"loc":{"start":{"line":108,"column":983},"end":{"line":108,"column":1029}},"type":"cond-expr","locations":[{"start":{"line":108,"column":1007},"end":{"line":108,"column":1010}},{"start":{"line":108,"column":1013},"end":{"line":108,"column":1029}}],"line":108},"1":{"loc":{"start":{"line":108,"column":983},"end":{"line":108,"column":1004}},"type":"binary-expr","locations":[{"start":{"line":108,"column":983},"end":{"line":108,"column":986}},{"start":{"line":108,"column":990},"end":{"line":108,"column":1004}}],"line":108},"2":{"loc":{"start":{"line":111,"column":1377},"end":{"line":111,"column":1434}},"type":"binary-expr","locations":[{"start":{"line":111,"column":1377},"end":{"line":111,"column":1393}},{"start":{"line":111,"column":1397},"end":{"line":111,"column":1434}}],"line":111},"3":{"loc":{"start":{"line":111,"column":1637},"end":{"line":111,"column":1740}},"type":"if","locations":[{"start":{"line":111,"column":1637},"end":{"line":111,"column":1740}},{"start":{"line":111,"column":1637},"end":{"line":111,"column":1740}}],"line":111},"4":{"loc":{"start":{"line":111,"column":1928},"end":{"line":111,"column":2019}},"type":"if","locations":[{"start":{"line":111,"column":1928},"end":{"line":111,"column":2019}},{"start":{"line":111,"column":1928},"end":{"line":111,"column":2019}}],"line":111},"5":{"loc":{"start":{"line":111,"column":1932},"end":{"line":111,"column":1994}},"type":"binary-expr","locations":[{"start":{"line":111,"column":1932},"end":{"line":111,"column":1964}},{"start":{"line":111,"column":1968},"end":{"line":111,"column":1994}}],"line":111},"6":{"loc":{"start":{"line":111,"column":2091},"end":{"line":111,"column":2156}},"type":"if","locations":[{"start":{"line":111,"column":2091},"end":{"line":111,"column":2156}},{"start":{"line":111,"column":2091},"end":{"line":111,"column":2156}}],"line":111},"7":{"loc":{"start":{"line":111,"column":2095},"end":{"line":111,"column":2137}},"type":"binary-expr","locations":[{"start":{"line":111,"column":2095},"end":{"line":111,"column":2112}},{"start":{"line":111,"column":2116},"end":{"line":111,"column":2137}}],"line":111},"8":{"loc":{"start":{"line":111,"column":2232},"end":{"line":111,"column":2298}},"type":"binary-expr","locations":[{"start":{"line":111,"column":2232},"end":{"line":111,"column":2252}},{"start":{"line":111,"column":2256},"end":{"line":111,"column":2298}}],"line":111},"9":{"loc":{"start":{"line":118,"column":8},"end":{"line":119,"column":135}},"type":"if","locations":[{"start":{"line":118,"column":8},"end":{"line":119,"column":135}},{"start":{"line":118,"column":8},"end":{"line":119,"column":135}}],"line":118}},"s":{"0":0,"1":0,"2":0,"3":0,"4":0,"5":0,"6":0,"7":0,"8":0,"9":0,"10":0,"11":0,"12":0,"13":0,"14":0,"15":0,"16":0,"17":0,"18":0,"19":0,"20":0,"21":0,"22":0,"23":0,"24":0,"25":0,"26":0,"27":0,"28":0,"29":0,"30":0,"31":0,"32":0,"33":0,"34":0,"35":0,"36":0,"37":0,"38":0,"39":0,"40":0,"41":0,"42":0,"43":0,"44":0,"45":0,"46":0,"47":0,"48":0,"49":0,"50":0,"51":0,"52":0,"53":0,"54":0,"55":0,"56":0,"57":0,"58":0,"59":0,"60":0,"61":0,"62":0,"63":0,"64":0,"65":0,"66":0,"67":0,"68":0,"69":0,"70":0,"71":0,"72":0,"73":0,"74":0,"75":0,"76":0,"77":0,"78":0,"79":0,"80":0,"81":0,"82":0,"83":0,"84":0,"85":0,"86":0},"f":{"0":0,"1":0,"2":0,"3":0,"4":0,"5":0,"6":0,"7":0,"8":0,"9":0,"10":0,"11":0,"12":0,"13":0,"14":0,"15":0,"16":0,"17":0},"b":{"0":[0,0],"1":[0,0],"2":[0,0],"3":[0,0],"4":[0,0],"5":[0,0],"6":[0,0],"7":[0,0],"8":[0,0],"9":[0,0]}}
,"/Users/rkichenama/env/code/personal/components/src/Card/Card.jsx": {"path":"/Users/rkichenama/env/code/personal/components/src/Card/Card.jsx","statementMap":{"0":{"start":{"line":1,"column":13},"end":{"line":1,"column":75}},"1":{"start":{"line":1,"column":88},"end":{"line":1,"column":104}},"2":{"start":{"line":1,"column":119},"end":{"line":1,"column":149}},"3":{"start":{"line":2,"column":17},"end":{"line":2,"column":38}},"4":{"start":{"line":2,"column":57},"end":{"line":2,"column":91}},"5":{"start":{"line":4,"column":0},"end":{"line":4,"column":23}},"6":{"start":{"line":4,"column":61},"end":{"line":4,"column":115}},"7":{"start":{"line":6,"column":11},"end":{"line":17,"column":1}},"8":{"start":{"line":6,"column":47},"end":{"line":6,"column":60}},"9":{"start":{"line":6,"column":71},"end":{"line":6,"column":83}},"10":{"start":{"line":6,"column":94},"end":{"line":6,"column":106}},"11":{"start":{"line":6,"column":119},"end":{"line":6,"column":133}},"12":{"start":{"line":7,"column":13},"end":{"line":7,"column":58}},"13":{"start":{"line":9,"column":2},"end":{"line":13,"column":107}},"14":{"start":{"line":19,"column":0},"end":{"line":19,"column":26}},"15":{"start":{"line":21,"column":0},"end":{"line":25,"column":42}},"16":{"start":{"line":28,"column":11},"end":{"line":28,"column":29}},"17":{"start":{"line":30,"column":0},"end":{"line":33,"column":18}},"18":{"start":{"line":33,"column":18},"end":{"line":36,"column":5}}},"fnMap":{"0":{"name":"_interopRequireDefault","decl":{"start":{"line":4,"column":32},"end":{"line":4,"column":54}},"loc":{"start":{"line":4,"column":60},"end":{"line":4,"column":116}},"line":4},"1":{"name":"Card","decl":{"start":{"line":6,"column":20},"end":{"line":6,"column":24}},"loc":{"start":{"line":6,"column":31},"end":{"line":17,"column":1}},"line":6},"2":{"name":"noop","decl":{"start":{"line":28,"column":20},"end":{"line":28,"column":24}},"loc":{"start":{"line":28,"column":27},"end":{"line":28,"column":29}},"line":28}},"branchMap":{"0":{"loc":{"start":{"line":4,"column":68},"end":{"line":4,"column":114}},"type":"cond-expr","locations":[{"start":{"line":4,"column":92},"end":{"line":4,"column":95}},{"start":{"line":4,"column":98},"end":{"line":4,"column":114}}],"line":4},"1":{"loc":{"start":{"line":4,"column":68},"end":{"line":4,"column":89}},"type":"binary-expr","locations":[{"start":{"line":4,"column":68},"end":{"line":4,"column":71}},{"start":{"line":4,"column":75},"end":{"line":4,"column":89}}],"line":4},"2":{"loc":{"start":{"line":10,"column":64},"end":{"line":10,"column":89}},"type":"cond-expr","locations":[{"start":{"line":10,"column":74},"end":{"line":10,"column":84}},{"start":{"line":10,"column":87},"end":{"line":10,"column":89}}],"line":10},"3":{"loc":{"start":{"line":12,"column":69},"end":{"line":12,"column":101}},"type":"cond-expr","locations":[{"start":{"line":12,"column":87},"end":{"line":12,"column":94}},{"start":{"line":12,"column":97},"end":{"line":12,"column":101}}],"line":12},"4":{"loc":{"start":{"line":13,"column":68},"end":{"line":13,"column":102}},"type":"cond-expr","locations":[{"start":{"line":13,"column":88},"end":{"line":13,"column":95}},{"start":{"line":13,"column":98},"end":{"line":13,"column":102}}],"line":13}},"s":{"0":0,"1":0,"2":0,"3":0,"4":0,"5":0,"6":0,"7":0,"8":0,"9":0,"10":0,"11":0,"12":0,"13":0,"14":0,"15":0,"16":0,"17":0,"18":0},"f":{"0":0,"1":0,"2":0},"b":{"0":[0,0],"1":[0,0],"2":[0,0],"3":[0,0],"4":[0,0]}}
,"/Users/rkichenama/env/code/personal/components/src/Cube/Cube.jsx": {"path":"/Users/rkichenama/env/code/personal/components/src/Cube/Cube.jsx","statementMap":{"0":{"start":{"line":1,"column":13},"end":{"line":1,"column":75}},"1":{"start":{"line":1,"column":88},"end":{"line":1,"column":104}},"2":{"start":{"line":1,"column":119},"end":{"line":1,"column":149}},"3":{"start":{"line":2,"column":17},"end":{"line":2,"column":38}},"4":{"start":{"line":2,"column":57},"end":{"line":2,"column":91}},"5":{"start":{"line":4,"column":0},"end":{"line":4,"column":23}},"6":{"start":{"line":4,"column":61},"end":{"line":4,"column":115}},"7":{"start":{"line":6,"column":11},"end":{"line":20,"column":1}},"8":{"start":{"line":6,"column":47},"end":{"line":6,"column":60}},"9":{"start":{"line":6,"column":71},"end":{"line":6,"column":83}},"10":{"start":{"line":6,"column":91},"end":{"line":6,"column":100}},"11":{"start":{"line":6,"column":113},"end":{"line":6,"column":127}},"12":{"start":{"line":7,"column":13},"end":{"line":7,"column":58}},"13":{"start":{"line":9,"column":2},"end":{"line":14,"column":112}},"14":{"start":{"line":13,"column":43},"end":{"line":14,"column":106}},"15":{"start":{"line":22,"column":18},"end":{"line":22,"column":94}},"16":{"start":{"line":22,"column":45},"end":{"line":22,"column":93}},"17":{"start":{"line":23,"column":12},"end":{"line":29,"column":9}},"18":{"start":{"line":31,"column":0},"end":{"line":31,"column":19}},"19":{"start":{"line":32,"column":0},"end":{"line":32,"column":72}},"20":{"start":{"line":32,"column":31},"end":{"line":32,"column":69}},"21":{"start":{"line":34,"column":0},"end":{"line":38,"column":42}},"22":{"start":{"line":41,"column":11},"end":{"line":41,"column":29}},"23":{"start":{"line":43,"column":0},"end":{"line":43,"column":26}},"24":{"start":{"line":45,"column":0},"end":{"line":48,"column":18}},"25":{"start":{"line":48,"column":18},"end":{"line":52,"column":5}}},"fnMap":{"0":{"name":"_interopRequireDefault","decl":{"start":{"line":4,"column":32},"end":{"line":4,"column":54}},"loc":{"start":{"line":4,"column":60},"end":{"line":4,"column":116}},"line":4},"1":{"name":"Cube","decl":{"start":{"line":6,"column":20},"end":{"line":6,"column":24}},"loc":{"start":{"line":6,"column":31},"end":{"line":20,"column":1}},"line":6},"2":{"name":"(anonymous_2)","decl":{"start":{"line":13,"column":23},"end":{"line":13,"column":24}},"loc":{"start":{"line":13,"column":42},"end":{"line":14,"column":107}},"line":13},"3":{"name":"firstLetter","decl":{"start":{"line":22,"column":27},"end":{"line":22,"column":38}},"loc":{"start":{"line":22,"column":44},"end":{"line":22,"column":94}},"line":22},"4":{"name":"(anonymous_4)","decl":{"start":{"line":32,"column":14},"end":{"line":32,"column":15}},"loc":{"start":{"line":32,"column":30},"end":{"line":32,"column":70}},"line":32},"5":{"name":"noop","decl":{"start":{"line":41,"column":20},"end":{"line":41,"column":24}},"loc":{"start":{"line":41,"column":27},"end":{"line":41,"column":29}},"line":41}},"branchMap":{"0":{"loc":{"start":{"line":4,"column":68},"end":{"line":4,"column":114}},"type":"cond-expr","locations":[{"start":{"line":4,"column":92},"end":{"line":4,"column":95}},{"start":{"line":4,"column":98},"end":{"line":4,"column":114}}],"line":4},"1":{"loc":{"start":{"line":4,"column":68},"end":{"line":4,"column":89}},"type":"binary-expr","locations":[{"start":{"line":4,"column":68},"end":{"line":4,"column":71}},{"start":{"line":4,"column":75},"end":{"line":4,"column":89}}],"line":4},"2":{"loc":{"start":{"line":14,"column":88},"end":{"line":14,"column":103}},"type":"binary-expr","locations":[{"start":{"line":14,"column":88},"end":{"line":14,"column":95}},{"start":{"line":14,"column":99},"end":{"line":14,"column":103}}],"line":14}},"s":{"0":0,"1":0,"2":0,"3":0,"4":0,"5":0,"6":0,"7":0,"8":0,"9":0,"10":0,"11":0,"12":0,"13":0,"14":0,"15":0,"16":0,"17":0,"18":0,"19":0,"20":0,"21":0,"22":0,"23":0,"24":0,"25":0},"f":{"0":0,"1":0,"2":0,"3":0,"4":0,"5":0},"b":{"0":[0,0],"1":[0,0],"2":[0,0]}}
,"/Users/rkichenama/env/code/personal/components/src/Deck/Deck.jsx": {"path":"/Users/rkichenama/env/code/personal/components/src/Deck/Deck.jsx","statementMap":{"0":{"start":{"line":1,"column":13},"end":{"line":1,"column":75}},"1":{"start":{"line":1,"column":88},"end":{"line":1,"column":104}},"2":{"start":{"line":1,"column":119},"end":{"line":1,"column":149}},"3":{"start":{"line":2,"column":17},"end":{"line":2,"column":38}},"4":{"start":{"line":2,"column":57},"end":{"line":2,"column":91}},"5":{"start":{"line":4,"column":0},"end":{"line":4,"column":23}},"6":{"start":{"line":4,"column":61},"end":{"line":4,"column":115}},"7":{"start":{"line":6,"column":11},"end":{"line":8,"column":18}},"8":{"start":{"line":6,"column":47},"end":{"line":6,"column":60}},"9":{"start":{"line":6,"column":73},"end":{"line":6,"column":87}},"10":{"start":{"line":6,"column":88},"end":{"line":8,"column":17}},"11":{"start":{"line":12,"column":0},"end":{"line":14,"column":42}},"12":{"start":{"line":17,"column":0},"end":{"line":17,"column":26}},"13":{"start":{"line":19,"column":0},"end":{"line":20,"column":18}},"14":{"start":{"line":20,"column":18},"end":{"line":23,"column":5}}},"fnMap":{"0":{"name":"_interopRequireDefault","decl":{"start":{"line":4,"column":32},"end":{"line":4,"column":54}},"loc":{"start":{"line":4,"column":60},"end":{"line":4,"column":116}},"line":4},"1":{"name":"Deck","decl":{"start":{"line":6,"column":20},"end":{"line":6,"column":24}},"loc":{"start":{"line":6,"column":31},"end":{"line":8,"column":18}},"line":6}},"branchMap":{"0":{"loc":{"start":{"line":4,"column":68},"end":{"line":4,"column":114}},"type":"cond-expr","locations":[{"start":{"line":4,"column":92},"end":{"line":4,"column":95}},{"start":{"line":4,"column":98},"end":{"line":4,"column":114}}],"line":4},"1":{"loc":{"start":{"line":4,"column":68},"end":{"line":4,"column":89}},"type":"binary-expr","locations":[{"start":{"line":4,"column":68},"end":{"line":4,"column":71}},{"start":{"line":4,"column":75},"end":{"line":4,"column":89}}],"line":4}},"s":{"0":0,"1":0,"2":0,"3":0,"4":0,"5":0,"6":0,"7":0,"8":0,"9":0,"10":0,"11":0,"12":0,"13":0,"14":0},"f":{"0":0,"1":0},"b":{"0":[0,0],"1":[0,0]}}
,"/Users/rkichenama/env/code/personal/components/src/GitHubProfile/GitHubProfile.jsx": {"path":"/Users/rkichenama/env/code/personal/components/src/GitHubProfile/GitHubProfile.jsx","statementMap":{"0":{"start":{"line":7,"column":15},"end":{"line":7,"column":73}},"1":{"start":{"line":7,"column":23},"end":{"line":7,"column":72}},"2":{"start":{"line":33,"column":25},"end":{"line":33,"column":30}},"3":{"start":{"line":34,"column":4},"end":{"line":43,"column":5}},"4":{"start":{"line":37,"column":10},"end":{"line":37,"column":69}},"5":{"start":{"line":38,"column":6},"end":{"line":40,"column":9}},"6":{"start":{"line":46,"column":25},"end":{"line":46,"column":55}},"7":{"start":{"line":49,"column":4},"end":{"line":51,"column":5}},"8":{"start":{"line":50,"column":6},"end":{"line":50,"column":37}},"9":{"start":{"line":55,"column":4},"end":{"line":62,"column":5}},"10":{"start":{"line":56,"column":6},"end":{"line":61,"column":9}},"11":{"start":{"line":69,"column":8},"end":{"line":69,"column":12}},"12":{"start":{"line":70,"column":12},"end":{"line":70,"column":13}},"13":{"start":{"line":72,"column":4},"end":{"line":88,"column":6}}},"fnMap":{"0":{"name":"(anonymous_0)","decl":{"start":{"line":7,"column":15},"end":{"line":7,"column":16}},"loc":{"start":{"line":7,"column":23},"end":{"line":7,"column":72}},"line":7},"1":{"name":"(anonymous_1)","decl":{"start":{"line":32,"column":18},"end":{"line":32,"column":19}},"loc":{"start":{"line":32,"column":35},"end":{"line":44,"column":3}},"line":32},"2":{"name":"(anonymous_2)","decl":{"start":{"line":46,"column":2},"end":{"line":46,"column":3}},"loc":{"start":{"line":46,"column":23},"end":{"line":46,"column":57}},"line":46},"3":{"name":"(anonymous_3)","decl":{"start":{"line":48,"column":2},"end":{"line":48,"column":3}},"loc":{"start":{"line":48,"column":24},"end":{"line":52,"column":3}},"line":48},"4":{"name":"(anonymous_4)","decl":{"start":{"line":54,"column":2},"end":{"line":54,"column":3}},"loc":{"start":{"line":54,"column":37},"end":{"line":63,"column":3}},"line":54},"5":{"name":"(anonymous_5)","decl":{"start":{"line":65,"column":2},"end":{"line":65,"column":3}},"loc":{"start":{"line":65,"column":12},"end":{"line":89,"column":3}},"line":65}},"branchMap":{"0":{"loc":{"start":{"line":49,"column":4},"end":{"line":51,"column":5}},"type":"if","locations":[{"start":{"line":49,"column":4},"end":{"line":51,"column":5}},{"start":{"line":49,"column":4},"end":{"line":51,"column":5}}],"line":49},"1":{"loc":{"start":{"line":55,"column":4},"end":{"line":62,"column":5}},"type":"if","locations":[{"start":{"line":55,"column":4},"end":{"line":62,"column":5}},{"start":{"line":55,"column":4},"end":{"line":62,"column":5}}],"line":55},"2":{"loc":{"start":{"line":74,"column":9},"end":{"line":86,"column":16}},"type":"cond-expr","locations":[{"start":{"line":74,"column":36},"end":{"line":86,"column":9}},{"start":{"line":86,"column":12},"end":{"line":86,"column":16}}],"line":74},"3":{"loc":{"start":{"line":74,"column":10},"end":{"line":74,"column":32}},"type":"binary-expr","locations":[{"start":{"line":74,"column":10},"end":{"line":74,"column":18}},{"start":{"line":74,"column":22},"end":{"line":74,"column":32}}],"line":74}},"s":{"0":1,"1":6,"2":7,"3":7,"4":7,"5":2,"6":3,"7":4,"8":4,"9":4,"10":1,"11":7,"12":7,"13":7},"f":{"0":6,"1":7,"2":3,"3":4,"4":4,"5":7},"b":{"0":[4,0],"1":[1,3],"2":[2,5],"3":[7,2]},"_coverageSchema":"332fd63041d2c1bcb487cc26dd0d5f7d97098a6c","hash":"3b9408adc7a31da85e18f114f10e52712c15f5c7"}
,"/Users/rkichenama/env/code/personal/components/src/ProgressBar/ProgressBar.jsx": {"path":"/Users/rkichenama/env/code/personal/components/src/ProgressBar/ProgressBar.jsx","statementMap":{"0":{"start":{"line":19,"column":53},"end":{"line":19,"column":57}},"1":{"start":{"line":20,"column":4},"end":{"line":27,"column":6}}},"fnMap":{"0":{"name":"(anonymous_0)","decl":{"start":{"line":18,"column":2},"end":{"line":18,"column":3}},"loc":{"start":{"line":18,"column":12},"end":{"line":28,"column":3}},"line":18}},"branchMap":{},"s":{"0":3,"1":3},"f":{"0":3},"b":{},"_coverageSchema":"332fd63041d2c1bcb487cc26dd0d5f7d97098a6c","hash":"1792718ea63991527e2e7f932f0a9b7d637c797c"}
}
